HuRongBao/app/build/outputs/logs/manifest-merger-release-report.txt
-- Merging decision tree log ---
manifest
ADDED from src\main\AndroidManifest.xml:2:1-304:12
	package
		ADDED from src\main\AndroidManifest.xml:4:5-22
		INJECTED from src\main\AndroidManifest.xml
		INJECTED from src\main\AndroidManifest.xml
	android:versionName
		ADDED from src\main\AndroidManifest.xml:6:5-32
		INJECTED from src\main\AndroidManifest.xml
		INJECTED from src\main\AndroidManifest.xml
	xmlns:tools
		ADDED from src\main\AndroidManifest.xml:3:5-51
	android:versionCode
		ADDED from src\main\AndroidManifest.xml:5:5-28
		INJECTED from src\main\AndroidManifest.xml
		INJECTED from src\main\AndroidManifest.xml
	xmlns:android
		ADDED from src\main\AndroidManifest.xml:2:11-69
uses-permission#android.permission.ACCESS_WIFI_STATE
ADDED from src\main\AndroidManifest.xml:8:5-76
	android:name
		ADDED from src\main\AndroidManifest.xml:8:22-73
uses-permission#android.permission.ACCESS_NETWORK_STATE
ADDED from src\main\AndroidManifest.xml:9:5-79
	android:name
		ADDED from src\main\AndroidManifest.xml:9:22-76
uses-permission#android.permission.CHANGE_WIFI_STATE
ADDED from src\main\AndroidManifest.xml:10:5-76
	android:name
		ADDED from src\main\AndroidManifest.xml:10:22-73
uses-permission#android.permission.GET_ACCOUNTS
ADDED from src\main\AndroidManifest.xml:11:5-71
	android:name
		ADDED from src\main\AndroidManifest.xml:11:22-68
uses-permission#android.permission.MANAGE_ACCOUNTS
ADDED from src\main\AndroidManifest.xml:12:5-74
	android:name
		ADDED from src\main\AndroidManifest.xml:12:22-71
uses-permission#android.permission.READ_PHONE_STATE
ADDED from src\main\AndroidManifest.xml:13:5-75
	android:name
		ADDED from src\main\AndroidManifest.xml:13:22-72
uses-permission#android.permission.WRITE_EXTERNAL_STORAGE
ADDED from src\main\AndroidManifest.xml:14:5-81
	android:name
		ADDED from src\main\AndroidManifest.xml:14:22-78
uses-permission#android.permission.GET_TASKS
ADDED from src\main\AndroidManifest.xml:15:5-68
	android:name
		ADDED from src\main\AndroidManifest.xml:15:22-65
uses-permission#android.permission.INTERNET
ADDED from src\main\AndroidManifest.xml:16:5-67
	android:name
		ADDED from src\main\AndroidManifest.xml:16:22-64
uses-sdk
ADDED from src\main\AndroidManifest.xml:18:5-21:39
MERGED from [HuRongBao:library:unspecified] AndroidManifest.xml:7:5-9:40
MERGED from [com.android.support:design:25.1.0] AndroidManifest.xml:21:5-23:62
MERGED from [com.android.support:support-v4:25.1.0] AndroidManifest.xml:21:5-23:54
MERGED from [com.android.support:support-compat:25.1.0] AndroidManifest.xml:21:5-23:58
MERGED from [com.android.support:support-media-compat:25.1.0] AndroidManifest.xml:21:5-23:63
MERGED from [com.android.support:support-core-utils:25.1.0] AndroidManifest.xml:21:5-23:61
MERGED from [com.android.support:support-core-ui:25.1.0] AndroidManifest.xml:21:5-23:58
MERGED from [com.android.support:support-fragment:25.1.0] AndroidManifest.xml:21:5-23:60
MERGED from [com.android.support:appcompat-v7:25.1.0] AndroidManifest.xml:21:5-23:78
MERGED from [com.android.support:support-vector-drawable:25.1.0] AndroidManifest.xml:21:5-43
MERGED from [com.android.support:animated-vector-drawable:25.1.0] AndroidManifest.xml:20:5-44
MERGED from [com.android.support:recyclerview-v7:25.1.0] AndroidManifest.xml:20:5-43
MERGED from [com.android.support:transition:25.1.0] AndroidManifest.xml:20:5-44
MERGED from [com.google.android.gms:play-services-appindexing:9.6.1] AndroidManifest.xml:17:5-42
MERGED from [com.google.android.gms:play-services-base:9.6.1] AndroidManifest.xml:17:5-42
MERGED from [com.google.android.gms:play-services-basement:9.6.1] AndroidManifest.xml:17:5-42
MERGED from [com.google.android.gms:play-services-tasks:9.6.1] AndroidManifest.xml:3:5-42
MERGED from [com.google.firebase:firebase-common:9.6.1] AndroidManifest.xml:3:5-42
	tools:overrideLibrary
		ADDED from [com.android.support:design:25.1.0] AndroidManifest.xml:23:9-59
	android:targetSdkVersion
		ADDED from src\main\AndroidManifest.xml:20:9-38
		INJECTED from src\main\AndroidManifest.xml
		INJECTED from src\main\AndroidManifest.xml
	tools:ignore
		ADDED from src\main\AndroidManifest.xml:21:9-36
	android:minSdkVersion
		ADDED from src\main\AndroidManifest.xml:19:9-35
		INJECTED from src\main\AndroidManifest.xml
		INJECTED from src\main\AndroidManifest.xml
supports-screens
ADDED from src\main\AndroidManifest.xml:23:5-28:40
	android:largeScreens
		ADDED from src\main\AndroidManifest.xml:25:9-36
	android:smallScreens
		ADDED from src\main\AndroidManifest.xml:27:9-36
	android:normalScreens
		ADDED from src\main\AndroidManifest.xml:26:9-37
	android:xlargeScreens
		ADDED from src\main\AndroidManifest.xml:28:9-37
	android:anyDensity
		ADDED from src\main\AndroidManifest.xml:24:9-34
application
ADDED from src\main\AndroidManifest.xml:30:5-302:19
MERGED from [HuRongBao:library:unspecified] AndroidManifest.xml:11:5-20
MERGED from [com.android.support:design:25.1.0] AndroidManifest.xml:25:5-20
MERGED from [com.android.support:support-v4:25.1.0] AndroidManifest.xml:25:5-20
MERGED from [com.android.support:support-compat:25.1.0] AndroidManifest.xml:25:5-20
MERGED from [com.android.support:support-media-compat:25.1.0] AndroidManifest.xml:25:5-20
MERGED from [com.android.support:support-core-utils:25.1.0] AndroidManifest.xml:25:5-20
MERGED from [com.android.support:support-core-ui:25.1.0] AndroidManifest.xml:25:5-20
MERGED from [com.android.support:support-fragment:25.1.0] AndroidManifest.xml:25:5-20
MERGED from [com.android.support:appcompat-v7:25.1.0] AndroidManifest.xml:25:5-20
MERGED from [com.android.support:support-vector-drawable:25.1.0] AndroidManifest.xml:23:5-20
MERGED from [com.android.support:animated-vector-drawable:25.1.0] AndroidManifest.xml:22:5-20
MERGED from [com.android.support:transition:25.1.0] AndroidManifest.xml:22:5-20
MERGED from [com.google.android.gms:play-services-appindexing:9.6.1] AndroidManifest.xml:18:5-19
MERGED from [com.google.android.gms:play-services-base:9.6.1] AndroidManifest.xml:18:5-20:19
MERGED from [com.google.android.gms:play-services-basement:9.6.1] AndroidManifest.xml:19:5-21:19
MERGED from [com.google.android.gms:play-services-tasks:9.6.1] AndroidManifest.xml:4:5-19
MERGED from [com.google.firebase:firebase-common:9.6.1] AndroidManifest.xml:4:5-7:19
	android:label
		ADDED from src\main\AndroidManifest.xml:34:9-41
	android:allowBackup
		ADDED from src\main\AndroidManifest.xml:32:9-36
	android:icon
		ADDED from src\main\AndroidManifest.xml:33:9-45
	android:theme
		ADDED from src\main\AndroidManifest.xml:35:9-40
	android:name
		ADDED from src\main\AndroidManifest.xml:31:9-44
activity#com.hrb.SplashActivity
ADDED from src\main\AndroidManifest.xml:36:9-46:20
	android:screenOrientation
		ADDED from src\main\AndroidManifest.xml:39:13-49
	android:label
		ADDED from src\main\AndroidManifest.xml:38:13-45
	android:theme
		ADDED from src\main\AndroidManifest.xml:40:13-71
	android:name
		ADDED from src\main\AndroidManifest.xml:37:13-43
intent-filter#android.intent.action.MAIN+android.intent.category.LAUNCHER
ADDED from src\main\AndroidManifest.xml:41:13-45:29
action#android.intent.action.MAIN
ADDED from src\main\AndroidManifest.xml:42:17-69
	android:name
		ADDED from src\main\AndroidManifest.xml:42:25-66
category#android.intent.category.LAUNCHER
ADDED from src\main\AndroidManifest.xml:44:17-77
	android:name
		ADDED from src\main\AndroidManifest.xml:44:27-74
activity#com.hrb.MainActivity
ADDED from src\main\AndroidManifest.xml:48:9-52:52
	android:screenOrientation
		ADDED from src\main\AndroidManifest.xml:52:13-49
	android:launchMode
		ADDED from src\main\AndroidManifest.xml:51:13-44
	android:exported
		ADDED from src\main\AndroidManifest.xml:50:13-37
	android:name
		ADDED from src\main\AndroidManifest.xml:49:13-41
activity#com.hrb.ui.init.ActivityRegist
ADDED from src\main\AndroidManifest.xml:54:9-57:52
	android:screenOrientation
		ADDED from src\main\AndroidManifest.xml:57:13-49
	android:exported
		ADDED from src\main\AndroidManifest.xml:56:13-37
	android:name
		ADDED from src\main\AndroidManifest.xml:55:13-51
activity#com.hrb.ui.init.ActivityLogin
ADDED from src\main\AndroidManifest.xml:59:9-62:52
	android:screenOrientation
		ADDED from src\main\AndroidManifest.xml:62:13-49
	android:exported
		ADDED from src\main\AndroidManifest.xml:61:13-37
	android:name
		ADDED from src\main\AndroidManifest.xml:60:13-50
activity#com.hrb.photo.ShowBigImage
ADDED from src\main\AndroidManifest.xml:64:9-67:52
	android:screenOrientation
		ADDED from src\main\AndroidManifest.xml:67:13-49
	android:exported
		ADDED from src\main\AndroidManifest.xml:66:13-37
	android:name
		ADDED from src\main\AndroidManifest.xml:65:13-54
activity#com.hrb.ui.init.ActivityFindLoginPwd
ADDED from src\main\AndroidManifest.xml:68:9-71:52
	android:screenOrientation
		ADDED from src\main\AndroidManifest.xml:71:13-49
	android:exported
		ADDED from src\main\AndroidManifest.xml:70:13-37
	android:name
		ADDED from src\main\AndroidManifest.xml:69:13-57
activity#com.hrb.ui.init.ActivityResetLoginPwd
ADDED from src\main\AndroidManifest.xml:72:9-75:52
	android:screenOrientation
		ADDED from src\main\AndroidManifest.xml:75:13-49
	android:exported
		ADDED from src\main\AndroidManifest.xml:74:13-37
	android:name
		ADDED from src\main\AndroidManifest.xml:73:13-58
activity#com.hrb.ui.account.ActivitySetHelp
ADDED from src\main\AndroidManifest.xml:76:9-79:52
	android:screenOrientation
		ADDED from src\main\AndroidManifest.xml:79:13-49
	android:exported
		ADDED from src\main\AndroidManifest.xml:78:13-37
	android:name
		ADDED from src\main\AndroidManifest.xml:77:13-55
activity#com.hrb.ui.account.ActivityMyInvest
ADDED from src\main\AndroidManifest.xml:80:9-83:52
	android:screenOrientation
		ADDED from src\main\AndroidManifest.xml:83:13-49
	android:exported
		ADDED from src\main\AndroidManifest.xml:82:13-37
	android:name
		ADDED from src\main\AndroidManifest.xml:81:13-56
activity#com.hrb.ui.account.ActivityMyTransfer
ADDED from src\main\AndroidManifest.xml:84:9-87:52
	android:screenOrientation
		ADDED from src\main\AndroidManifest.xml:87:13-49
	android:exported
		ADDED from src\main\AndroidManifest.xml:86:13-37
	android:name
		ADDED from src\main\AndroidManifest.xml:85:13-58
activity#com.hrb.ui.account.ActivityPersonalProfitLoss
ADDED from src\main\AndroidManifest.xml:88:9-91:52
	android:screenOrientation
		ADDED from src\main\AndroidManifest.xml:91:13-49
	android:exported
		ADDED from src\main\AndroidManifest.xml:90:13-37
	android:name
		ADDED from src\main\AndroidManifest.xml:89:13-66
activity#com.hrb.ui.account.ActivityDealRecord
ADDED from src\main\AndroidManifest.xml:92:9-95:52
	android:screenOrientation
		ADDED from src\main\AndroidManifest.xml:95:13-49
	android:exported
		ADDED from src\main\AndroidManifest.xml:94:13-37
	android:name
		ADDED from src\main\AndroidManifest.xml:93:13-58
activity#com.hrb.ui.account.ActivityAddBankCard
ADDED from src\main\AndroidManifest.xml:97:9-100:52
	android:screenOrientation
		ADDED from src\main\AndroidManifest.xml:100:13-49
	android:exported
		ADDED from src\main\AndroidManifest.xml:99:13-37
	android:name
		ADDED from src\main\AndroidManifest.xml:98:13-59
activity#com.hrb.ui.account.ActivityMyBankCard
ADDED from src\main\AndroidManifest.xml:102:9-105:52
	android:screenOrientation
		ADDED from src\main\AndroidManifest.xml:105:13-49
	android:exported
		ADDED from src\main\AndroidManifest.xml:104:13-37
	android:name
		ADDED from src\main\AndroidManifest.xml:103:13-58
activity#com.hrb.ui.account.ActivityRecharge
ADDED from src\main\AndroidManifest.xml:107:9-110:52
	android:screenOrientation
		ADDED from src\main\AndroidManifest.xml:110:13-49
	android:exported
		ADDED from src\main\AndroidManifest.xml:109:13-37
	android:name
		ADDED from src\main\AndroidManifest.xml:108:13-56
activity#com.hrb.ui.account.ActivityWithdraw
ADDED from src\main\AndroidManifest.xml:111:9-114:52
	android:screenOrientation
		ADDED from src\main\AndroidManifest.xml:114:13-49
	android:exported
		ADDED from src\main\AndroidManifest.xml:113:13-37
	android:name
		ADDED from src\main\AndroidManifest.xml:112:13-56
activity#com.hrb.ui.account.ActivityWithdrawRecord
ADDED from src\main\AndroidManifest.xml:116:9-119:52
	android:screenOrientation
		ADDED from src\main\AndroidManifest.xml:119:13-49
	android:exported
		ADDED from src\main\AndroidManifest.xml:118:13-37
	android:name
		ADDED from src\main\AndroidManifest.xml:117:13-62
activity#com.hrb.ui.account.ActivityRechargeRecord
ADDED from src\main\AndroidManifest.xml:121:9-124:52
	android:screenOrientation
		ADDED from src\main\AndroidManifest.xml:124:13-49
	android:exported
		ADDED from src\main\AndroidManifest.xml:123:13-37
	android:name
		ADDED from src\main\AndroidManifest.xml:122:13-62
activity#com.hrb.ui.account.ActivityReturnMoneyPlan
ADDED from src\main\AndroidManifest.xml:126:9-129:52
	android:screenOrientation
		ADDED from src\main\AndroidManifest.xml:129:13-49
	android:exported
		ADDED from src\main\AndroidManifest.xml:128:13-37
	android:name
		ADDED from src\main\AndroidManifest.xml:127:13-63
activity#com.hrb.ui.account.ActivitySecurityCenter
ADDED from src\main\AndroidManifest.xml:131:9-134:52
	android:screenOrientation
		ADDED from src\main\AndroidManifest.xml:134:13-49
	android:exported
		ADDED from src\main\AndroidManifest.xml:133:13-37
	android:name
		ADDED from src\main\AndroidManifest.xml:132:13-62
activity#com.hrb.ui.account.ActivityLoginPwdChange
ADDED from src\main\AndroidManifest.xml:136:9-139:52
	android:screenOrientation
		ADDED from src\main\AndroidManifest.xml:139:13-49
	android:exported
		ADDED from src\main\AndroidManifest.xml:138:13-37
	android:name
		ADDED from src\main\AndroidManifest.xml:137:13-62
activity#com.hrb.ui.account.ActivityReturnMoneyDetail
ADDED from src\main\AndroidManifest.xml:141:9-144:52
	android:screenOrientation
		ADDED from src\main\AndroidManifest.xml:144:13-49
	android:exported
		ADDED from src\main\AndroidManifest.xml:143:13-37
	android:name
		ADDED from src\main\AndroidManifest.xml:142:13-65
activity#com.hrb.ui.account.ActivityOpenAccount
ADDED from src\main\AndroidManifest.xml:146:9-149:52
	android:screenOrientation
		ADDED from src\main\AndroidManifest.xml:149:13-49
	android:exported
		ADDED from src\main\AndroidManifest.xml:148:13-37
	android:name
		ADDED from src\main\AndroidManifest.xml:147:13-59
activity#com.hrb.ui.account.ActivityMessageCenter
ADDED from src\main\AndroidManifest.xml:150:9-153:52
	android:screenOrientation
		ADDED from src\main\AndroidManifest.xml:153:13-49
	android:exported
		ADDED from src\main\AndroidManifest.xml:152:13-37
	android:name
		ADDED from src\main\AndroidManifest.xml:151:13-61
activity#com.hrb.ui.account.ActivityMessageWatch
ADDED from src\main\AndroidManifest.xml:154:9-157:52
	android:screenOrientation
		ADDED from src\main\AndroidManifest.xml:157:13-49
	android:exported
		ADDED from src\main\AndroidManifest.xml:156:13-37
	android:name
		ADDED from src\main\AndroidManifest.xml:155:13-60
activity#com.hrb.ui.account.ActivityIntegral
ADDED from src\main\AndroidManifest.xml:158:9-161:52
	android:screenOrientation
		ADDED from src\main\AndroidManifest.xml:161:13-49
	android:exported
		ADDED from src\main\AndroidManifest.xml:160:13-37
	android:name
		ADDED from src\main\AndroidManifest.xml:159:13-56
activity#com.hrb.ui.account.ActivityResetTeleNumThree
ADDED from src\main\AndroidManifest.xml:162:9-165:52
	android:screenOrientation
		ADDED from src\main\AndroidManifest.xml:165:13-49
	android:exported
		ADDED from src\main\AndroidManifest.xml:164:13-37
	android:name
		ADDED from src\main\AndroidManifest.xml:163:13-65
activity#com.hrb.ui.account.ActivityResetTeleNumOne
ADDED from src\main\AndroidManifest.xml:166:9-169:52
	android:screenOrientation
		ADDED from src\main\AndroidManifest.xml:169:13-49
	android:exported
		ADDED from src\main\AndroidManifest.xml:168:13-37
	android:name
		ADDED from src\main\AndroidManifest.xml:167:13-63
activity#com.hrb.ui.account.ActivityResetTeleNumTwo
ADDED from src\main\AndroidManifest.xml:170:9-173:52
	android:screenOrientation
		ADDED from src\main\AndroidManifest.xml:173:13-49
	android:exported
		ADDED from src\main\AndroidManifest.xml:172:13-37
	android:name
		ADDED from src\main\AndroidManifest.xml:171:13-63
activity#com.hrb.ui.account.ActivityMyRedPackage
ADDED from src\main\AndroidManifest.xml:174:9-177:52
	android:screenOrientation
		ADDED from src\main\AndroidManifest.xml:177:13-49
	android:exported
		ADDED from src\main\AndroidManifest.xml:176:13-37
	android:name
		ADDED from src\main\AndroidManifest.xml:175:13-60
activity#com.hrb.ui.account.ActivityMyAddRateCoupon
ADDED from src\main\AndroidManifest.xml:178:9-181:52
	android:screenOrientation
		ADDED from src\main\AndroidManifest.xml:181:13-49
	android:exported
		ADDED from src\main\AndroidManifest.xml:180:13-37
	android:name
		ADDED from src\main\AndroidManifest.xml:179:13-63
activity#com.hrb.ui.account.ActivityTransferedDetail
ADDED from src\main\AndroidManifest.xml:183:9-186:52
	android:screenOrientation
		ADDED from src\main\AndroidManifest.xml:186:13-49
	android:exported
		ADDED from src\main\AndroidManifest.xml:185:13-37
	android:name
		ADDED from src\main\AndroidManifest.xml:184:13-64
activity#com.hrb.ui.account.ActivityTransferingDetail
ADDED from src\main\AndroidManifest.xml:187:9-190:52
	android:screenOrientation
		ADDED from src\main\AndroidManifest.xml:190:13-49
	android:exported
		ADDED from src\main\AndroidManifest.xml:189:13-37
	android:name
		ADDED from src\main\AndroidManifest.xml:188:13-65
activity#com.hrb.ui.account.ActivityTransfer
ADDED from src\main\AndroidManifest.xml:191:9-194:52
	android:screenOrientation
		ADDED from src\main\AndroidManifest.xml:194:13-49
	android:exported
		ADDED from src\main\AndroidManifest.xml:193:13-37
	android:name
		ADDED from src\main\AndroidManifest.xml:192:13-56
activity#com.hrb.ui.account.ActivityInviteFriend
ADDED from src\main\AndroidManifest.xml:195:9-198:52
	android:screenOrientation
		ADDED from src\main\AndroidManifest.xml:198:13-49
	android:exported
		ADDED from src\main\AndroidManifest.xml:197:13-37
	android:name
		ADDED from src\main\AndroidManifest.xml:196:13-60
activity#com.hrb.ui.finance.ActivityInvestDetail
ADDED from src\main\AndroidManifest.xml:200:9-203:52
	android:screenOrientation
		ADDED from src\main\AndroidManifest.xml:203:13-49
	android:exported
		ADDED from src\main\AndroidManifest.xml:202:13-37
	android:name
		ADDED from src\main\AndroidManifest.xml:201:13-60
activity#com.hrb.ui.finance.ActivityInvestDetailMore
ADDED from src\main\AndroidManifest.xml:205:9-208:52
	android:screenOrientation
		ADDED from src\main\AndroidManifest.xml:208:13-49
	android:exported
		ADDED from src\main\AndroidManifest.xml:207:13-37
	android:name
		ADDED from src\main\AndroidManifest.xml:206:13-64
activity#com.hrb.ui.finance.ActivityInvestDetailImmediately
ADDED from src\main\AndroidManifest.xml:210:9-213:52
	android:screenOrientation
		ADDED from src\main\AndroidManifest.xml:213:13-49
	android:exported
		ADDED from src\main\AndroidManifest.xml:212:13-37
	android:name
		ADDED from src\main\AndroidManifest.xml:211:13-71
activity#com.hrb.ui.finance.ActivityZqDetail
ADDED from src\main\AndroidManifest.xml:214:9-217:52
	android:screenOrientation
		ADDED from src\main\AndroidManifest.xml:217:13-49
	android:exported
		ADDED from src\main\AndroidManifest.xml:216:13-37
	android:name
		ADDED from src\main\AndroidManifest.xml:215:13-56
activity#com.hrb.ui.finance.ActivityTransferDetailBuy
ADDED from src\main\AndroidManifest.xml:218:9-221:52
	android:screenOrientation
		ADDED from src\main\AndroidManifest.xml:221:13-49
	android:exported
		ADDED from src\main\AndroidManifest.xml:220:13-37
	android:name
		ADDED from src\main\AndroidManifest.xml:219:13-65
activity#com.hrb.ui.finance.ActivityTransferRecord
ADDED from src\main\AndroidManifest.xml:222:9-225:52
	android:screenOrientation
		ADDED from src\main\AndroidManifest.xml:225:13-49
	android:exported
		ADDED from src\main\AndroidManifest.xml:224:13-37
	android:name
		ADDED from src\main\AndroidManifest.xml:223:13-62
activity#com.hrb.ui.finance.ActivityInvestVerify
ADDED from src\main\AndroidManifest.xml:226:9-229:52
	android:screenOrientation
		ADDED from src\main\AndroidManifest.xml:229:13-49
	android:exported
		ADDED from src\main\AndroidManifest.xml:228:13-37
	android:name
		ADDED from src\main\AndroidManifest.xml:227:13-60
activity#com.hrb.ui.finance.ActivityTransferVerify
ADDED from src\main\AndroidManifest.xml:230:9-233:52
	android:screenOrientation
		ADDED from src\main\AndroidManifest.xml:233:13-49
	android:exported
		ADDED from src\main\AndroidManifest.xml:232:13-37
	android:name
		ADDED from src\main\AndroidManifest.xml:231:13-62
activity#com.hrb.ui.more.ActivityCompanyProfile
ADDED from src\main\AndroidManifest.xml:236:9-239:52
	android:screenOrientation
		ADDED from src\main\AndroidManifest.xml:239:13-49
	android:exported
		ADDED from src\main\AndroidManifest.xml:238:13-37
	android:name
		ADDED from src\main\AndroidManifest.xml:237:13-59
activity#com.hrb.ui.more.ActivityContactUs
ADDED from src\main\AndroidManifest.xml:241:9-244:52
	android:screenOrientation
		ADDED from src\main\AndroidManifest.xml:244:13-49
	android:exported
		ADDED from src\main\AndroidManifest.xml:243:13-37
	android:name
		ADDED from src\main\AndroidManifest.xml:242:13-54
activity#com.hrb.ui.more.ActivityNewsCenter
ADDED from src\main\AndroidManifest.xml:245:9-248:52
	android:screenOrientation
		ADDED from src\main\AndroidManifest.xml:248:13-49
	android:exported
		ADDED from src\main\AndroidManifest.xml:247:13-37
	android:name
		ADDED from src\main\AndroidManifest.xml:246:13-55
activity#com.hrb.ui.account.ActivityRealNameAuth
ADDED from src\main\AndroidManifest.xml:249:9-252:52
	android:screenOrientation
		ADDED from src\main\AndroidManifest.xml:252:13-49
	android:exported
		ADDED from src\main\AndroidManifest.xml:251:13-37
	android:name
		ADDED from src\main\AndroidManifest.xml:250:13-60
activity#com.hrb.ui.init.ActivityWebView
ADDED from src\main\AndroidManifest.xml:256:9-259:52
	android:screenOrientation
		ADDED from src\main\AndroidManifest.xml:259:13-49
	android:exported
		ADDED from src\main\AndroidManifest.xml:258:13-37
	android:name
		ADDED from src\main\AndroidManifest.xml:257:13-59
activity#com.hrb.ui.account.ActivityRechargeFast
ADDED from src\main\AndroidManifest.xml:260:9-263:52
	android:screenOrientation
		ADDED from src\main\AndroidManifest.xml:263:13-49
	android:exported
		ADDED from src\main\AndroidManifest.xml:262:13-37
	android:name
		ADDED from src\main\AndroidManifest.xml:261:13-67
activity#com.hrb.ui.account.ActivityRechargeVerify
ADDED from src\main\AndroidManifest.xml:264:9-267:52
	android:screenOrientation
		ADDED from src\main\AndroidManifest.xml:267:13-49
	android:exported
		ADDED from src\main\AndroidManifest.xml:266:13-37
	android:name
		ADDED from src\main\AndroidManifest.xml:265:13-69
activity#com.mob.tools.MobUIShell
ADDED from src\main\AndroidManifest.xml:270:9-291:20
	android:screenOrientation
		ADDED from src\main\AndroidManifest.xml:273:13-49
	android:windowSoftInputMode
		ADDED from src\main\AndroidManifest.xml:275:13-67
	android:configChanges
		ADDED from src\main\AndroidManifest.xml:272:13-74
	android:theme
		ADDED from src\main\AndroidManifest.xml:274:13-72
	android:name
		ADDED from src\main\AndroidManifest.xml:271:13-52
intent-filter#android.intent.action.VIEW+android.intent.category.BROWSABLE+android.intent.category.DEFAULT
ADDED from src\main\AndroidManifest.xml:276:13-283:29
data
ADDED from src\main\AndroidManifest.xml:277:17-60
	android:scheme
		ADDED from src\main\AndroidManifest.xml:277:23-57
action#android.intent.action.VIEW
ADDED from src\main\AndroidManifest.xml:279:17-69
	android:name
		ADDED from src\main\AndroidManifest.xml:279:25-66
category#android.intent.category.BROWSABLE
ADDED from src\main\AndroidManifest.xml:281:17-78
	android:name
		ADDED from src\main\AndroidManifest.xml:281:27-75
category#android.intent.category.DEFAULT
ADDED from src\main\AndroidManifest.xml:282:17-76
	android:name
		ADDED from src\main\AndroidManifest.xml:282:27-73
intent-filter#android.intent.category.DEFAULT+com.sina.weibo.sdk.action.ACTION_SDK_REQ_ACTIVITY
ADDED from src\main\AndroidManifest.xml:286:13-290:29
action#com.sina.weibo.sdk.action.ACTION_SDK_REQ_ACTIVITY
ADDED from src\main\AndroidManifest.xml:287:17-92
	android:name
		ADDED from src\main\AndroidManifest.xml:287:25-89
activity#com.hrb.wxapi.WXEntryActivity
ADDED from src\main\AndroidManifest.xml:292:9-297:75
	android:screenOrientation
		ADDED from src\main\AndroidManifest.xml:296:13-49
	android:exported
		ADDED from src\main\AndroidManifest.xml:295:13-36
	android:configChanges
		ADDED from src\main\AndroidManifest.xml:294:13-74
	android:theme
		ADDED from src\main\AndroidManifest.xml:297:13-72
	android:name
		ADDED from src\main\AndroidManifest.xml:293:13-50
meta-data#com.google.android.gms.version
ADDED from src\main\AndroidManifest.xml:299:9-301:69
MERGED from [com.google.android.gms:play-services-basement:9.6.1] AndroidManifest.xml:20:9-121
	android:value
		ADDED from src\main\AndroidManifest.xml:301:13-66
	android:name
		ADDED from src\main\AndroidManifest.xml:300:13-58
activity#com.google.android.gms.common.api.GoogleApiActivity
ADDED from [com.google.android.gms:play-services-base:9.6.1] AndroidManifest.xml:19:9-172
	android:exported
		ADDED from [com.google.android.gms:play-services-base:9.6.1] AndroidManifest.xml:19:146-170
	android:theme
		ADDED from [com.google.android.gms:play-services-base:9.6.1] AndroidManifest.xml:19:86-145
	android:name
		ADDED from [com.google.android.gms:play-services-base:9.6.1] AndroidManifest.xml:19:19-85
provider#com.google.firebase.provider.FirebaseInitProvider
ADDED from [com.google.firebase:firebase-common:9.6.1] AndroidManifest.xml:6:9-175
	android:authorities
		ADDED from [com.google.firebase:firebase-common:9.6.1] AndroidManifest.xml:6:19-78
	android:exported
		ADDED from [com.google.firebase:firebase-common:9.6.1] AndroidManifest.xml:6:125-149
	android:initOrder
		ADDED from [com.google.firebase:firebase-common:9.6.1] AndroidManifest.xml:6:150-173
	android:name
		ADDED from [com.google.firebase:firebase-common:9.6.1] AndroidManifest.xml:6:79-124